23.1.2023, 21:10:34 - INFO - Server is running on port: 3030 
23.1.2023, 21:29:40 - INFO - Server is running on port: 3030 
23.1.2023, 21:30:21 - INFO - Server is running on port: 3030 
23.1.2023, 21:30:45 - INFO - Server is running on port: 3030 
23.1.2023, 21:31:13 - INFO - Server is running on port: 3030 
23.1.2023, 21:31:24 - INFO - Server is running on port: 3030 
23.1.2023, 21:31:31 - INFO - Server is running on port: 3030 
23.1.2023, 21:31:36 - INFO - Server is running on port: 3030 
23.1.2023, 21:31:40 - INFO - Server is running on port: 3030 
23.1.2023, 21:31:52 - INFO - Server is running on port: 3030 
23.1.2023, 21:31:58 - INFO - Server is running on port: 3030 
23.1.2023, 21:32:06 - INFO - Server is running on port: 3030 
23.1.2023, 21:35:18 - INFO - Server is running on port: 3030 
23.1.2023, 21:35:46 - INFO - Server is running on port: 3030 
23.1.2023, 21:49:48 - INFO - Server is running on port: 3030 
23.1.2023, 21:50:05 - INFO - Server is running on port: 3030 
23.1.2023, 21:50:14 - INFO - Server is running on port: 3030 
23.1.2023, 21:52:17 - INFO - Server is running on port: 3030 
23.1.2023, 21:54:01 - INFO - Server is running on port: 3030 
23.1.2023, 21:54:07 - INFO - Server is running on port: 3030 
23.1.2023, 21:54:30 - INFO - Server is running on port: 3030 
23.1.2023, 21:54:36 - INFO - Server is running on port: 3030 
23.1.2023, 21:54:50 - INFO - Server is running on port: 3030 
23.1.2023, 21:54:53 - INFO - Server is running on port: 3030 
23.1.2023, 21:57:04 - INFO - Server is running on port: 3030 
23.1.2023, 21:57:16 - INFO - Server is running on port: 3030 
23.1.2023, 21:57:35 - INFO - Server is running on port: 3030 
23.1.2023, 21:57:49 - INFO - Server is running on port: 3030 
23.1.2023, 21:57:56 - INFO - Server is running on port: 3030 
23.1.2023, 21:58:06 - INFO - Server is running on port: 3030 
23.1.2023, 21:58:12 - INFO - Server is running on port: 3030 
23.1.2023, 21:58:23 - INFO - Server is running on port: 3030 
23.1.2023, 21:58:46 - INFO - Server is running on port: 3030 
23.1.2023, 21:58:52 - INFO - Server is running on port: 3030 
23.1.2023, 21:59:03 - INFO - Server is running on port: 3030 
23.1.2023, 21:59:14 - INFO - Server is running on port: 3030 
23.1.2023, 22:00:53 - INFO - Server is running on port: 3030 
24.1.2023, 11:36:48 - INFO - Server is running on port: 3030 
24.1.2023, 11:38:03 - INFO - Server is running on port: 3030 
24.1.2023, 11:40:57 - INFO - Server is running on port: 3030 
24.1.2023, 11:41:07 - INFO - Server is running on port: 3030 
24.1.2023, 11:41:22 - INFO - Server is running on port: 3030 
24.1.2023, 12:04:44 - INFO - Server is running on port: 3030 
24.1.2023, 12:05:59 - INFO - Server is running on port: 3030 
24.1.2023, 12:06:05 - INFO - Server is running on port: 3030 
24.1.2023, 12:06:07 - INFO - Server is running on port: 3030 
24.1.2023, 12:06:08 - INFO - Server is running on port: 3030 
24.1.2023, 12:06:18 - INFO - Server is running on port: 3030 
24.1.2023, 12:07:04 - INFO - Server is running on port: 3030 
24.1.2023, 12:07:17 - INFO - Server is running on port: 3030 
24.1.2023, 12:11:37 - INFO - Server is running on port: 3030 
24.1.2023, 12:13:02 - INFO - Server is running on port: 3030 
24.1.2023, 12:15:07 - INFO - Server is running on port: 3030 
24.1.2023, 12:15:53 - INFO - Server is running on port: 3030 
24.1.2023, 12:15:57 - INFO - Server is running on port: 3030 
24.1.2023, 12:18:23 - INFO - Server is running on port: 3030 
24.1.2023, 12:20:04 - INFO - Server is running on port: 3030 
24.1.2023, 12:20:30 - INFO - Server is running on port: 3030 
24.1.2023, 12:20:37 - INFO - Server is running on port: 3030 
24.1.2023, 12:20:53 - INFO - Server is running on port: 3030 
24.1.2023, 12:28:15 - INFO - Server is running on port: 3030 
24.1.2023, 12:28:32 - INFO - Server is running on port: 3030 
24.1.2023, 12:28:54 - INFO - Server is running on port: 3030 
24.1.2023, 12:29:07 - INFO - Server is running on port: 3030 
24.1.2023, 12:29:32 - INFO - Server is running on port: 3030 
24.1.2023, 12:36:08 - INFO - Server is running on port: 3030 
24.1.2023, 12:37:45 - INFO - Server is running on port: 3030 
24.1.2023, 12:37:52 - INFO - Server is running on port: 3030 
24.1.2023, 12:37:58 - INFO - Server is running on port: 3030 
24.1.2023, 13:02:00 - ERROR - cannot find users | Error: Argument passed in must be a single String of 12 bytes or a string of 24 hex characters 
24.1.2023, 13:02:00 - ERROR - Failed to get users | Error: Argument passed in must be a single String of 12 bytes or a string of 24 hex characters 
24.1.2023, 13:02:41 - ERROR - cannot find users | Error: Argument passed in must be a single String of 12 bytes or a string of 24 hex characters 
24.1.2023, 13:02:41 - ERROR - Failed to get users | Error: Argument passed in must be a single String of 12 bytes or a string of 24 hex characters 
24.1.2023, 13:02:48 - ERROR - cannot find users | Error: Argument passed in must be a single String of 12 bytes or a string of 24 hex characters 
24.1.2023, 13:02:48 - ERROR - Failed to get users | Error: Argument passed in must be a single String of 12 bytes or a string of 24 hex characters 
24.1.2023, 13:02:49 - ERROR - cannot find users | Error: Argument passed in must be a single String of 12 bytes or a string of 24 hex characters 
24.1.2023, 13:02:49 - ERROR - Failed to get users | Error: Argument passed in must be a single String of 12 bytes or a string of 24 hex characters 
24.1.2023, 13:02:50 - ERROR - cannot find users | Error: Argument passed in must be a single String of 12 bytes or a string of 24 hex characters 
24.1.2023, 13:02:50 - ERROR - Failed to get users | Error: Argument passed in must be a single String of 12 bytes or a string of 24 hex characters 
24.1.2023, 13:02:50 - ERROR - cannot find users | Error: Argument passed in must be a single String of 12 bytes or a string of 24 hex characters 
24.1.2023, 13:02:50 - ERROR - Failed to get users | Error: Argument passed in must be a single String of 12 bytes or a string of 24 hex characters 
24.1.2023, 13:04:49 - INFO - Server is running on port: 3030 
24.1.2023, 13:05:00 - INFO - Server is running on port: 3030 
24.1.2023, 13:06:15 - INFO - Server is running on port: 3030 
24.1.2023, 13:06:49 - INFO - Server is running on port: 3030 
24.1.2023, 13:07:16 - INFO - Server is running on port: 3030 
24.1.2023, 13:07:19 - INFO - Server is running on port: 3030 
24.1.2023, 13:07:26 - INFO - Server is running on port: 3030 
24.1.2023, 13:07:41 - INFO - Server is running on port: 3030 
24.1.2023, 13:12:50 - INFO - Server is running on port: 3030 
24.1.2023, 13:15:16 - INFO - Server is running on port: 3030 
24.1.2023, 15:13:13 - DEBUG - auth.service - login with username: put 
24.1.2023, 15:13:13 - INFO - User login:  | {"_id":"63cfbdc6559fa35d900738d9","username":"put","fullname":"in","imgUrl":"https://cdn.pixabay.com/photo/2020/07/01/12/58/icon-5359553_1280.png"} 
24.1.2023, 15:17:19 - INFO - Server is running on port: 3030 
24.1.2023, 15:18:02 - DEBUG - auth.service - signup with username: uuu, fullname: uuuuuu (userId: 63cfbdc6559fa35d900738d9)
24.1.2023, 15:18:02 - DEBUG - auth.route - new account created: {"username":"uuu","password":"$2b$10$6yAOT0G2D63r5vetgFLn1uQcgRoG7OgIrKu6N58E6PmL3YUzeslI2","fullname":"uuuuuu","_id":"63cfda8a421c5c6c041dac21"} (userId: 63cfbdc6559fa35d900738d9)
24.1.2023, 15:18:02 - DEBUG - auth.service - login with username: uuu (userId: 63cfbdc6559fa35d900738d9)
24.1.2023, 15:18:02 - INFO - User signup: | {"_id":"63cfda8a421c5c6c041dac21","username":"uuu","fullname":"uuuuuu","imgUrl":null} (userId: 63cfbdc6559fa35d900738d9)
24.1.2023, 15:18:33 - DEBUG - auth.service - signup with username: puki, fullname: puki (userId: 63cfda8a421c5c6c041dac21)
24.1.2023, 15:18:33 - DEBUG - auth.route - new account created: {"username":"puki","password":"$2b$10$SYJaC/VDlMfhkWPaZLTdq.Pi86JYw2S6uw144a031tQaC.KsOt6ju","fullname":"puki","_id":"63cfdaa9421c5c6c041dac22"} (userId: 63cfda8a421c5c6c041dac21)
24.1.2023, 15:18:33 - DEBUG - auth.service - login with username: puki (userId: 63cfda8a421c5c6c041dac21)
24.1.2023, 15:18:33 - INFO - User signup: | {"_id":"63cfdaa9421c5c6c041dac22","username":"puki","fullname":"puki","imgUrl":null} (userId: 63cfda8a421c5c6c041dac21)
24.1.2023, 15:18:49 - DEBUG - auth.service - login with username: puki (userId: 63cfdaa9421c5c6c041dac22)
24.1.2023, 15:18:49 - INFO - User login:  | {"_id":"63cfdaa9421c5c6c041dac22","username":"puki","fullname":"puki","imgUrl":null} (userId: 63cfdaa9421c5c6c041dac22)
24.1.2023, 15:20:13 - DEBUG - auth.service - login with username: puki (userId: 63cfdaa9421c5c6c041dac22)
24.1.2023, 15:20:13 - INFO - User login:  | {"_id":"63cfdaa9421c5c6c041dac22","username":"puki","fullname":"puki","imgUrl":null} (userId: 63cfdaa9421c5c6c041dac22)
24.1.2023, 15:20:48 - DEBUG - auth.service - login with username: puki (userId: 63cfdaa9421c5c6c041dac22)
24.1.2023, 15:20:48 - INFO - User login:  | {"_id":"63cfdaa9421c5c6c041dac22","username":"puki","fullname":"puki","imgUrl":null} (userId: 63cfdaa9421c5c6c041dac22)
24.1.2023, 15:22:44 - DEBUG - auth.service - signup with username: uuu, fullname: uuu (userId: 63cfdaa9421c5c6c041dac22)
24.1.2023, 15:22:44 - DEBUG - auth.route - new account created: {"username":"uuu","password":"$2b$10$lYPLAcV1Pc6z57iQg.VQDuTsbb1U52GZxus9E/TvLbZZ8EHnCSAti","fullname":"uuu","_id":"63cfdba4421c5c6c041dac23"} (userId: 63cfdaa9421c5c6c041dac22)
24.1.2023, 15:22:44 - DEBUG - auth.service - login with username: uuu (userId: 63cfdaa9421c5c6c041dac22)
24.1.2023, 15:22:44 - INFO - User signup: | {"_id":"63cfdba4421c5c6c041dac23","username":"uuu","fullname":"uuu","imgUrl":null} (userId: 63cfdaa9421c5c6c041dac22)
24.1.2023, 15:25:11 - DEBUG - auth.service - signup with username: uuuu, fullname: uuuu (userId: 63cfdba4421c5c6c041dac23)
24.1.2023, 15:25:11 - DEBUG - auth.route - new account created: {"username":"uuuu","password":"$2b$10$8Xl5ghwBnBxkg1nPdojQL.4pJivjg0waC5cuvmZrVLjgvPPArzzBW","fullname":"uuuu","imgUrl":"https://cdn.pixabay.com/photo/2020/07/01/12/58/icon-5359553_1280.png","_id":"63cfdc37421c5c6c041dac24"} (userId: 63cfdba4421c5c6c041dac23)
24.1.2023, 15:25:11 - DEBUG - auth.service - login with username: uuuu (userId: 63cfdba4421c5c6c041dac23)
24.1.2023, 15:25:11 - INFO - User signup: | {"_id":"63cfdc37421c5c6c041dac24","username":"uuuu","fullname":"uuuu","imgUrl":"https://cdn.pixabay.com/photo/2020/07/01/12/58/icon-5359553_1280.png"} (userId: 63cfdba4421c5c6c041dac23)
24.1.2023, 15:25:49 - DEBUG - auth.service - signup with username: puki, fullname: puki 
24.1.2023, 15:25:50 - DEBUG - auth.route - new account created: {"username":"puki","password":"$2b$10$M3Xg7AssKvPiDexVSwVfqe6P3L8zy72DL4IcucJC8CU5GAzlj6WW6","fullname":"puki","imgUrl":"https://cdn.pixabay.com/photo/2020/07/01/12/58/icon-5359553_1280.png","_id":"63cfdc5e421c5c6c041dac25"} 
24.1.2023, 15:25:50 - DEBUG - auth.service - login with username: puki 
24.1.2023, 15:25:50 - INFO - User signup: | {"_id":"63cfdc5e421c5c6c041dac25","username":"puki","fullname":"puki","imgUrl":"https://cdn.pixabay.com/photo/2020/07/01/12/58/icon-5359553_1280.png"} 
24.1.2023, 16:49:28 - INFO - Server is running on port: 3030 
24.1.2023, 16:52:56 - INFO - Server is running on port: 3030 
24.1.2023, 16:58:25 - INFO - Server is running on port: 3030 
24.1.2023, 20:02:31 - INFO - Server is running on port: 3030 
24.1.2023, 20:08:46 - INFO - Server is running on port: 3030 
24.1.2023, 20:08:58 - INFO - Server is running on port: 3030 
24.1.2023, 20:12:43 - INFO - Server is running on port: 3030 
25.1.2023, 0:48:12 - INFO - Server is running on port: 3030 
25.1.2023, 1:07:01 - INFO - Server is running on port: 3030 
25.1.2023, 1:07:10 - INFO - Server is running on port: 3030 
25.1.2023, 1:07:16 - INFO - Server is running on port: 3030 
25.1.2023, 13:31:09 - INFO - Server is running on port: 3030 
25.1.2023, 13:51:39 - DEBUG - auth.service - signup with username: ttt, fullname: ttt 
25.1.2023, 13:51:40 - DEBUG - auth.route - new account created: {"username":"ttt","password":"$2b$10$B2Rk1TVRwapCVvqlfwa2.eG/l9Zs8GRD7tZpAFY2SNmEobyRLgsV2","fullname":"ttt","imgUrl":"https://cdn.pixabay.com/photo/2020/07/01/12/58/icon-5359553_1280.png","_id":"63d117cc7fb2282aa01d73ee"} 
25.1.2023, 13:51:40 - DEBUG - auth.service - login with username: ttt 
25.1.2023, 13:51:40 - INFO - User signup: | {"_id":"63d117cc7fb2282aa01d73ee","username":"ttt","fullname":"ttt","imgUrl":"https://cdn.pixabay.com/photo/2020/07/01/12/58/icon-5359553_1280.png"} 
25.1.2023, 13:59:02 - INFO - Server is running on port: 3030 
25.1.2023, 13:59:59 - INFO - Server is running on port: 3030 
25.1.2023, 14:00:18 - INFO - Server is running on port: 3030 
25.1.2023, 14:01:12 - INFO - Server is running on port: 3030 
25.1.2023, 14:03:21 - INFO - Server is running on port: 3030 
25.1.2023, 14:04:58 - INFO - Server is running on port: 3030 
25.1.2023, 14:05:03 - INFO - Server is running on port: 3030 
25.1.2023, 14:08:16 - INFO - Server is running on port: 3030 
25.1.2023, 14:08:24 - INFO - Server is running on port: 3030 
25.1.2023, 14:08:38 - INFO - Server is running on port: 3030 
25.1.2023, 14:08:42 - INFO - Server is running on port: 3030 
25.1.2023, 14:25:07 - DEBUG - auth.service - signup with username: test, fullname: test 
25.1.2023, 14:25:08 - DEBUG - auth.route - new account created: {"username":"test","password":"$2b$10$KEA0dlZgCaIFHU0K5Op2oOzArqRRFC0hTIhAYNPm88asE9pBlzXr2","fullname":"test","imgUrl":"https://cdn.pixabay.com/photo/2020/07/01/12/58/icon-5359553_1280.png","_id":"63d11fa41ff68607e84a352a"} 
25.1.2023, 14:25:08 - DEBUG - auth.service - login with username: test 
25.1.2023, 14:25:08 - INFO - User signup: | {"_id":"63d11fa41ff68607e84a352a","username":"test","fullname":"test","imgUrl":"https://cdn.pixabay.com/photo/2020/07/01/12/58/icon-5359553_1280.png"} 
25.1.2023, 14:29:15 - INFO - Server is running on port: 3030 
25.1.2023, 14:31:51 - INFO - Server is running on port: 3030 
25.1.2023, 14:32:16 - INFO - Server is running on port: 3030 
25.1.2023, 14:32:38 - INFO - Server is running on port: 3030 
25.1.2023, 14:53:11 - INFO - Server is running on port: 3030 
25.1.2023, 14:53:16 - INFO - Server is running on port: 3030 
25.1.2023, 14:53:42 - INFO - Server is running on port: 3030 
25.1.2023, 14:55:02 - INFO - Server is running on port: 3030 
25.1.2023, 14:55:23 - INFO - Server is running on port: 3030 
25.1.2023, 14:55:26 - INFO - Server is running on port: 3030 
25.1.2023, 14:56:25 - INFO - Server is running on port: 3030 
25.1.2023, 14:56:27 - INFO - Server is running on port: 3030 
25.1.2023, 14:56:29 - INFO - Server is running on port: 3030 
25.1.2023, 16:48:26 - INFO - Server is running on port: 3030 
25.1.2023, 16:48:51 - INFO - Server is running on port: 3030 
25.1.2023, 16:50:19 - INFO - Server is running on port: 3030 
25.1.2023, 16:50:40 - INFO - Server is running on port: 3030 
25.1.2023, 17:01:35 - INFO - Server is running on port: 3030 
25.1.2023, 17:01:44 - INFO - Server is running on port: 3030 
25.1.2023, 17:03:01 - INFO - Server is running on port: 3030 
25.1.2023, 17:20:14 - INFO - Server is running on port: 3030 
25.1.2023, 17:21:15 - INFO - Server is running on port: 3030 
25.1.2023, 17:21:35 - INFO - Server is running on port: 3030 
25.1.2023, 17:21:41 - INFO - Server is running on port: 3030 
25.1.2023, 17:24:28 - INFO - Server is running on port: 3030 
25.1.2023, 17:24:29 - INFO - Server is running on port: 3030 
25.1.2023, 17:24:33 - INFO - Server is running on port: 3030 
25.1.2023, 17:24:52 - INFO - Server is running on port: 3030 
25.1.2023, 17:25:16 - INFO - Server is running on port: 3030 
25.1.2023, 17:25:52 - INFO - Server is running on port: 3030 
25.1.2023, 17:27:34 - INFO - Server is running on port: 3030 
25.1.2023, 17:30:12 - DEBUG - auth.service - login with username: ttt 
25.1.2023, 17:30:12 - INFO - User login:  | {"_id":"63d117cc7fb2282aa01d73ee","username":"ttt","fullname":"ttt","imgUrl":"https://cdn.pixabay.com/photo/2020/07/01/12/58/icon-5359553_1280.png"} 
25.1.2023, 17:31:24 - INFO - Server is running on port: 3030 
25.1.2023, 17:31:52 - INFO - Server is running on port: 3030 
25.1.2023, 17:31:55 - INFO - Server is running on port: 3030 
25.1.2023, 17:32:02 - DEBUG - auth.service - login with username: ttt 
25.1.2023, 17:32:02 - INFO - User login:  | {"_id":"63d117cc7fb2282aa01d73ee","username":"ttt","fullname":"ttt","imgUrl":"https://cdn.pixabay.com/photo/2020/07/01/12/58/icon-5359553_1280.png"} 
25.1.2023, 17:50:59 - INFO - Server is running on port: 3030 
25.1.2023, 17:52:04 - DEBUG - auth.service - signup with username: lilKruchi, fullname: Liron Kruchinin 
25.1.2023, 17:52:05 - DEBUG - auth.route - new account created: {"username":"lilKruchi","password":"$2b$10$lE17KOPzf1GrwWOfbuqb6updAXmPQgMBocNN2P14zdJ3TDvZXyeQ2","fullname":"Liron Kruchinin","imgUrl":"https://cdn.pixabay.com/photo/2020/07/01/12/58/icon-5359553_1280.png","_id":"63d1502543492f5884710e92"} 
25.1.2023, 17:52:05 - DEBUG - auth.service - login with username: lilKruchi 
25.1.2023, 17:52:05 - INFO - User signup: | {"_id":"63d1502543492f5884710e92","username":"lilKruchi","fullname":"Liron Kruchinin","imgUrl":"https://cdn.pixabay.com/photo/2020/07/01/12/58/icon-5359553_1280.png"} 
25.1.2023, 19:57:40 - INFO - Server is running on port: 3030 
26.1.2023, 0:23:08 - DEBUG - auth.service - login with username: ttt 
26.1.2023, 0:23:08 - INFO - User login:  | {"_id":"63d117cc7fb2282aa01d73ee","username":"ttt","fullname":"ttt","imgUrl":"https://cdn.pixabay.com/photo/2020/07/01/12/58/icon-5359553_1280.png"} 
26.1.2023, 0:54:25 - DEBUG - auth.service - signup with username: , fullname:  
26.1.2023, 0:54:25 - ERROR - Failed to signup Missing required signup information 
26.1.2023, 0:58:23 - DEBUG - auth.service - login with username: ttt 
26.1.2023, 0:58:23 - INFO - User login:  | {"_id":"63d117cc7fb2282aa01d73ee","username":"ttt","fullname":"ttt","imgUrl":"https://cdn.pixabay.com/photo/2020/07/01/12/58/icon-5359553_1280.png"} 
26.1.2023, 11:13:07 - INFO - Server is running on port: 3030 
27.1.2023, 12:10:43 - INFO - Server is running on port: 3030 
27.1.2023, 13:18:39 - DEBUG - auth.service - login with username: lilKruchi 
27.1.2023, 13:18:40 - INFO - User login:  | {"_id":"63d1502543492f5884710e92","username":"lilKruchi","fullname":"Liron Kruchinin","imgUrl":"https://randomuser.me/api/portraits/men/2.jpg"} 
27.1.2023, 18:36:37 - DEBUG - auth.service - login with username: lilKruchi 
27.1.2023, 18:36:37 - INFO - User login:  | {"_id":"63d1502543492f5884710e92","username":"lilKruchi","fullname":"Liron Kruchinin","imgUrl":"https://randomuser.me/api/portraits/men/2.jpg"} 
27.1.2023, 18:43:16 - INFO - Server is running on port: 3030 
27.1.2023, 19:07:56 - DEBUG - auth.service - login with username: lilKruchi 
27.1.2023, 19:07:56 - INFO - User login:  | {"_id":"63d1502543492f5884710e92","username":"lilKruchi","fullname":"Liron Kruchinin","imgUrl":"https://randomuser.me/api/portraits/men/2.jpg","visitedBoards":["63d2491b28f7941f1856c1ac"]} 
27.1.2023, 20:05:14 - DEBUG - auth.service - login with username: lilKruchi 
27.1.2023, 20:05:15 - INFO - User login:  | {"_id":"63d1502543492f5884710e92","username":"lilKruchi","fullname":"Liron Kruchinin","imgUrl":"https://randomuser.me/api/portraits/men/2.jpg","visitedBoards":["63d23f0428f7941f1856c194","63d23f0428f7941f1856c194","63d2491b28f7941f1856c1ac"]} 
28.1.2023, 11:49:43 - INFO - Server is running on port: 3030 
28.1.2023, 12:37:31 - INFO - Server is running on port: 3030 
28.1.2023, 12:37:46 - INFO - Server is running on port: 3030 
28.1.2023, 12:37:49 - INFO - Server is running on port: 3030 
28.1.2023, 12:37:51 - INFO - Server is running on port: 3030 
28.1.2023, 12:38:07 - INFO - Server is running on port: 3030 
28.1.2023, 12:39:51 - INFO - Server is running on port: 3030 
28.1.2023, 13:01:08 - INFO - Server is running on port: 3030 
